timestamp: 2021-08-28T15:38:00.760775
CREATE TABLE `auth_user`(
    `id` INT AUTO_INCREMENT NOT NULL,
    `first_name` VARCHAR(128),
    `last_name` VARCHAR(128),
    `email` VARCHAR(512),
    `password` VARCHAR(512),
    `registration_key` VARCHAR(512),
    `reset_password_key` VARCHAR(512),
    `registration_id` VARCHAR(512),
    PRIMARY KEY (`id`)
) ENGINE=InnoDB CHARACTER SET utf8;
success!
timestamp: 2021-08-28T15:38:00.774976
CREATE TABLE `auth_group`(
    `id` INT AUTO_INCREMENT NOT NULL,
    `role` VARCHAR(512),
    `description` LONGTEXT,
    PRIMARY KEY (`id`)
) ENGINE=InnoDB CHARACTER SET utf8;
success!
timestamp: 2021-08-28T15:38:00.785834
CREATE TABLE `auth_membership`(
    `id` INT AUTO_INCREMENT NOT NULL,
    `user_id` INT  , INDEX `user_id__idx` (`user_id`), FOREIGN KEY (`user_id`) REFERENCES `auth_user` (`id`) ON DELETE CASCADE,
    `group_id` INT  , INDEX `group_id__idx` (`group_id`), FOREIGN KEY (`group_id`) REFERENCES `auth_group` (`id`) ON DELETE CASCADE,
    PRIMARY KEY (`id`)
) ENGINE=InnoDB CHARACTER SET utf8;
success!
timestamp: 2021-08-28T15:38:00.799424
CREATE TABLE `auth_permission`(
    `id` INT AUTO_INCREMENT NOT NULL,
    `group_id` INT  , INDEX `group_id__idx` (`group_id`), FOREIGN KEY (`group_id`) REFERENCES `auth_group` (`id`) ON DELETE CASCADE,
    `name` VARCHAR(512),
    `table_name` VARCHAR(512),
    `record_id` INTEGER,
    PRIMARY KEY (`id`)
) ENGINE=InnoDB CHARACTER SET utf8;
success!
timestamp: 2021-08-28T15:38:00.812067
CREATE TABLE `auth_event`(
    `id` INT AUTO_INCREMENT NOT NULL,
    `time_stamp` DATETIME,
    `client_ip` VARCHAR(512),
    `user_id` INT  , INDEX `user_id__idx` (`user_id`), FOREIGN KEY (`user_id`) REFERENCES `auth_user` (`id`) ON DELETE CASCADE,
    `origin` VARCHAR(512),
    `description` LONGTEXT,
    PRIMARY KEY (`id`)
) ENGINE=InnoDB CHARACTER SET utf8;
success!
timestamp: 2021-08-28T15:38:00.824036
CREATE TABLE `auth_cas`(
    `id` INT AUTO_INCREMENT NOT NULL,
    `user_id` INT  , INDEX `user_id__idx` (`user_id`), FOREIGN KEY (`user_id`) REFERENCES `auth_user` (`id`) ON DELETE CASCADE,
    `created_on` DATETIME,
    `service` VARCHAR(512),
    `ticket` VARCHAR(512),
    `renew` CHAR(1),
    PRIMARY KEY (`id`)
) ENGINE=InnoDB CHARACTER SET utf8;
success!
timestamp: 2021-08-28T15:58:21.414916
CREATE TABLE `company`(
    `id` INT AUTO_INCREMENT NOT NULL,
    `company_name` VARCHAR(20),
    PRIMARY KEY (`id`)
) ENGINE=InnoDB CHARACTER SET utf8;
success!
timestamp: 2021-08-28T16:06:13.623312
ALTER TABLE `company` ADD `company_description` VARCHAR(20);
success!
timestamp: 2021-08-28T16:06:13.630231
CREATE TABLE `department`(
    `id` INT AUTO_INCREMENT NOT NULL,
    `department_name` VARCHAR(20),
    `department_description` VARCHAR(20),
    `company_id` INT  , INDEX `company_id__idx` (`company_id`), FOREIGN KEY (`company_id`) REFERENCES `company` (`id`) ON DELETE CASCADE,
    PRIMARY KEY (`id`)
) ENGINE=InnoDB CHARACTER SET utf8;
success!
timestamp: 2021-08-28T16:06:49.758322
CREATE TABLE `employee`(
    `id` INT AUTO_INCREMENT NOT NULL,
    `employee_fname` VARCHAR(20),
    `employee_mname` VARCHAR(20),
    `employee_last` VARCHAR(20),
    `employee_position` VARCHAR(20),
    `department_id` INT  , INDEX `department_id__idx` (`department_id`), FOREIGN KEY (`department_id`) REFERENCES `department` (`id`) ON DELETE CASCADE,
    PRIMARY KEY (`id`)
) ENGINE=InnoDB CHARACTER SET utf8;
success!
timestamp: 2021-08-28T16:16:54.489809
ALTER TABLE `auth_user` ADD `fullname` VARCHAR(512);
success!
timestamp: 2021-08-28T16:16:54.497029
ALTER TABLE `auth_user` ADD `employee_position` VARCHAR(20);
success!
timestamp: 2021-08-28T16:16:54.505493
ALTER TABLE `auth_user` ADD `department_id` INTEGER;
success!
timestamp: 2021-08-28T16:46:37.808404
ALTER TABLE `company` ADD `company_description__tmp` VARCHAR(128);
success!
UPDATE `company` SET `company_description__tmp`=`company_description`;
success!
ALTER TABLE `company` DROP COLUMN `company_description`;
success!
ALTER TABLE `company` ADD `company_description` VARCHAR(128);
success!
UPDATE `company` SET `company_description`=`company_description__tmp`;
success!
ALTER TABLE `company` DROP COLUMN `company_description__tmp`;
success!
timestamp: 2021-08-28T16:46:37.836091
ALTER TABLE `department` ADD `department_description__tmp` VARCHAR(128);
success!
UPDATE `department` SET `department_description__tmp`=`department_description`;
success!
ALTER TABLE `department` DROP COLUMN `department_description`;
success!
ALTER TABLE `department` ADD `department_description` VARCHAR(128);
success!
UPDATE `department` SET `department_description`=`department_description__tmp`;
success!
ALTER TABLE `department` DROP COLUMN `department_description__tmp`;
success!
success!
